2026-04-22 16:50:36,279 - INFO - 🚀 Starting | URLs: 6
2026-04-22 16:50:36,281 - INFO - ====== WebDriver manager ======
2026-04-22 16:50:39,001 - INFO - Get LATEST chromedriver version for google-chrome
2026-04-22 16:50:39,041 - INFO - Get LATEST chromedriver version for google-chrome
2026-04-22 16:50:39,073 - INFO - There is no [linux64] chromedriver "147.0.7727.57" for browser google-chrome "147.0.7727" in cache
2026-04-22 16:50:39,073 - INFO - Get LATEST chromedriver version for google-chrome
2026-04-22 16:50:39,179 - INFO - WebDriver version 147.0.7727.57 selected
2026-04-22 16:50:39,184 - INFO - Modern chrome version https://storage.googleapis.com/chrome-for-testing-public/147.0.7727.57/linux64/chromedriver-linux64.zip
2026-04-22 16:50:39,185 - INFO - About to download new driver from https://storage.googleapis.com/chrome-for-testing-public/147.0.7727.57/linux64/chromedriver-linux64.zip
2026-04-22 16:50:39,222 - INFO - Driver downloading response is 200
2026-04-22 16:50:39,284 - INFO - Get LATEST chromedriver version for google-chrome
2026-04-22 16:50:39,430 - INFO - Driver has been saved in cache [/home/runner/.wdm/drivers/chromedriver/linux64/147.0.7727.57]
2026-04-22 16:50:43,139 - INFO - 📦 Pending: 6/6 URLs
2026-04-22 16:50:56,375 - ERROR - ❌ Login failed: Message: 
Stacktrace:
#0 0x55dfd3b80afa <unknown>
#1 0x55dfd3582265 <unknown>
#2 0x55dfd35d4f76 <unknown>
#3 0x55dfd35d51b1 <unknown>
#4 0x55dfd36207d4 <unknown>
#5 0x55dfd361d969 <unknown>
#6 0x55dfd35c85cf <unknown>
#7 0x55dfd35c9391 <unknown>
#8 0x55dfd3b45fdb <unknown>
#9 0x55dfd3b48f9d <unknown>
#10 0x55dfd3b32798 <unknown>
#11 0x55dfd3b49b30 <unknown>
#12 0x55dfd3b19210 <unknown>
#13 0x55dfd3b6dd48 <unknown>
#14 0x55dfd3b6df18 <unknown>
#15 0x55dfd3b7f56e <unknown>
#16 0x7f96af09caa4 <unknown>
#17 0x7f96af129c6c <unknown>

2026-04-22 16:50:57,445 - INFO - ✨ Cycle complete
2026-04-22 17:03:07,365 - INFO - 🚀 Starting | URLs: 6
2026-04-22 17:03:07,367 - INFO - ====== WebDriver manager ======
2026-04-22 17:03:07,521 - INFO - Get LATEST chromedriver version for google-chrome
2026-04-22 17:03:07,595 - INFO - Get LATEST chromedriver version for google-chrome
2026-04-22 17:03:07,661 - INFO - There is no [linux64] chromedriver "147.0.7727.57" for browser google-chrome "147.0.7727" in cache
2026-04-22 17:03:07,661 - INFO - Get LATEST chromedriver version for google-chrome
2026-04-22 17:03:07,805 - INFO - WebDriver version 147.0.7727.57 selected
2026-04-22 17:03:07,811 - INFO - Modern chrome version https://storage.googleapis.com/chrome-for-testing-public/147.0.7727.57/linux64/chromedriver-linux64.zip
2026-04-22 17:03:07,811 - INFO - About to download new driver from https://storage.googleapis.com/chrome-for-testing-public/147.0.7727.57/linux64/chromedriver-linux64.zip
2026-04-22 17:03:07,880 - INFO - Driver downloading response is 200
2026-04-22 17:03:08,033 - INFO - Get LATEST chromedriver version for google-chrome
2026-04-22 17:03:08,190 - INFO - Driver has been saved in cache [/home/runner/.wdm/drivers/chromedriver/linux64/147.0.7727.57]
2026-04-22 17:03:08,580 - INFO - 📦 Pending: 6/6 URLs
2026-04-22 17:03:09,827 - INFO - ✅ Login successful
2026-04-22 17:03:09,827 - INFO - 🔄 [1/6] https://www.douglascounty-ne.gov/wp-content/upload...
2026-04-22 17:03:11,999 - INFO - ✅ Done: https://www.douglascounty-ne.gov/wp-content/uploads/images/vif_grant/2026/cdvfv/Hire-Affordable-PPC-Expert-New-York.pdf
2026-04-22 17:03:13,501 - INFO - 🔄 [2/6] https://www.douglascounty-ne.gov/wp-content/upload...
2026-04-22 17:03:15,663 - INFO - ✅ Done: https://www.douglascounty-ne.gov/wp-content/uploads/images/vif_grant/2026/cdvfv/Hire-Certified-PPC-Expert-United-States.pdf
2026-04-22 17:03:17,165 - INFO - 🔄 [3/6] https://www.douglascounty-ne.gov/wp-content/upload...
2026-04-22 17:03:19,315 - INFO - ✅ Done: https://www.douglascounty-ne.gov/wp-content/uploads/images/vif_grant/2026/cdvfv/Hire-Expert-PPC-Expert-Los-Angeles.pdf
2026-04-22 17:03:20,817 - INFO - 🔄 [4/6] https://www.douglascounty-ne.gov/wp-content/upload...
2026-04-22 17:03:23,050 - INFO - ✅ Done: https://www.douglascounty-ne.gov/wp-content/uploads/images/vif_grant/2026/cdvfv/Hire-PPC-Expert-Chicago-Remarketing-Campaigns.pdf
2026-04-22 17:03:24,552 - INFO - 🔄 [5/6] https://www.douglascounty-ne.gov/wp-content/upload...
2026-04-22 17:03:26,714 - INFO - ✅ Done: https://www.douglascounty-ne.gov/wp-content/uploads/images/vif_grant/2026/cdvfv/Hire-PPC-Expert-in-New-York-High-ROAS-Campaigns.pdf
2026-04-22 17:03:28,216 - INFO - 🔄 [6/6] https://www.douglascounty-ne.gov/wp-content/upload...
2026-04-22 17:03:30,380 - INFO - ✅ Done: https://www.douglascounty-ne.gov/wp-content/uploads/images/vif_grant/2026/cdvfv/Hire-PPC-Expert-Los-Angeles-Paid-Advertising-Pro.pdf
2026-04-22 17:03:31,449 - INFO - ✨ Cycle complete
2026-04-23 15:58:13,194 - INFO - 🚀 Starting | URLs: 9
2026-04-23 15:58:13,195 - INFO - ====== WebDriver manager ======
2026-04-23 15:58:13,330 - INFO - Get LATEST chromedriver version for google-chrome
2026-04-23 15:58:13,420 - INFO - Get LATEST chromedriver version for google-chrome
2026-04-23 15:58:13,501 - INFO - There is no [linux64] chromedriver "147.0.7727.117" for browser google-chrome "147.0.7727" in cache
2026-04-23 15:58:13,501 - INFO - Get LATEST chromedriver version for google-chrome
2026-04-23 15:58:13,726 - INFO - WebDriver version 147.0.7727.117 selected
2026-04-23 15:58:13,730 - INFO - Modern chrome version https://storage.googleapis.com/chrome-for-testing-public/147.0.7727.117/linux64/chromedriver-linux64.zip
2026-04-23 15:58:13,731 - INFO - About to download new driver from https://storage.googleapis.com/chrome-for-testing-public/147.0.7727.117/linux64/chromedriver-linux64.zip
2026-04-23 15:58:13,879 - INFO - Driver downloading response is 200
2026-04-23 15:58:14,421 - INFO - Get LATEST chromedriver version for google-chrome
2026-04-23 15:58:14,609 - INFO - Driver has been saved in cache [/home/runner/.wdm/drivers/chromedriver/linux64/147.0.7727.117]
2026-04-23 15:58:14,945 - INFO - 📦 Pending: 9/9 URLs
2026-04-23 15:58:16,065 - INFO - ✅ Login successful
2026-04-23 15:58:16,066 - INFO - 🔄 [1/9] https://longwoodce.org/wp-content/uploads/formidab...
2026-04-23 15:58:18,200 - INFO - ✅ Done: https://longwoodce.org/wp-content/uploads/formidable/16/Hire-Dedicated-Developers.pdf
2026-04-23 15:58:19,702 - INFO - 🔄 [2/9] https://longwoodce.org/wp-content/uploads/formidab...
2026-04-23 15:58:21,831 - INFO - ✅ Done: https://longwoodce.org/wp-content/uploads/formidable/16/Hire-Dedicated-Digital-Marketing-Expert-Los-Angele.pdf
2026-04-23 15:58:23,332 - INFO - 🔄 [3/9] https://longwoodce.org/wp-content/uploads/formidab...
2026-04-23 15:58:25,457 - INFO - ✅ Done: https://longwoodce.org/wp-content/uploads/formidable/16/Hire-Dedicated-Organic-SEO-Expert-Los-Angeles.pdf
2026-04-23 15:58:26,958 - INFO - 🔄 [4/9] https://longwoodce.org/wp-content/uploads/formidab...
2026-04-23 15:58:29,098 - INFO - ✅ Done: https://longwoodce.org/wp-content/uploads/formidable/16/Hire-Dedicated-PPC-Expert-Los-Angeles.pdf
2026-04-23 15:58:30,600 - INFO - 🔄 [5/9] https://longwoodce.org/wp-content/uploads/formidab...
2026-04-23 15:58:32,726 - INFO - ✅ Done: https://longwoodce.org/wp-content/uploads/formidable/16/Hire-Digital-Marketing-Expert-Chicago-Campaign-M.pdf
2026-04-23 15:58:34,227 - INFO - 🔄 [6/9] https://longwoodce.org/wp-content/uploads/formidab...
2026-04-23 15:58:36,351 - INFO - ✅ Done: https://longwoodce.org/wp-content/uploads/formidable/16/Hire-Digital-Marketing-Expert-Chicago-Conversion.pdf
2026-04-23 15:58:37,853 - INFO - 🔄 [7/9] https://longwoodce.org/wp-content/uploads/formidab...
2026-04-23 15:58:39,979 - INFO - ✅ Done: https://longwoodce.org/wp-content/uploads/formidable/16/Hire-Digital-Marketing-Expert-Chicago-Email-SM.pdf
2026-04-23 15:58:41,481 - INFO - 🔄 [8/9] https://longwoodce.org/wp-content/uploads/formidab...
2026-04-23 15:58:43,612 - INFO - ✅ Done: https://longwoodce.org/wp-content/uploads/formidable/16/Hire-Digital-Marketing-Expert-Chicago-Lead-Gener.pdf
2026-04-23 15:58:45,114 - INFO - 🔄 [9/9] https://longwoodce.org/wp-content/uploads/formidab...
2026-04-23 15:58:47,242 - INFO - ✅ Done: https://longwoodce.org/wp-content/uploads/formidable/16/Hire-Digital-Marketing-Expert-Chicago-Small-Busi.pdf
2026-04-23 15:58:48,304 - INFO - ✨ Cycle complete
2026-04-23 16:19:26,997 - INFO - 🚀 Starting | URLs: 1
2026-04-23 16:19:26,998 - INFO - ====== WebDriver manager ======
2026-04-23 16:19:29,260 - INFO - Get LATEST chromedriver version for google-chrome
2026-04-23 16:19:29,293 - INFO - Get LATEST chromedriver version for google-chrome
2026-04-23 16:19:29,319 - INFO - There is no [linux64] chromedriver "147.0.7727.117" for browser google-chrome "147.0.7727" in cache
2026-04-23 16:19:29,319 - INFO - Get LATEST chromedriver version for google-chrome
2026-04-23 16:19:29,417 - INFO - WebDriver version 147.0.7727.117 selected
2026-04-23 16:19:29,423 - INFO - Modern chrome version https://storage.googleapis.com/chrome-for-testing-public/147.0.7727.117/linux64/chromedriver-linux64.zip
2026-04-23 16:19:29,423 - INFO - About to download new driver from https://storage.googleapis.com/chrome-for-testing-public/147.0.7727.117/linux64/chromedriver-linux64.zip
2026-04-23 16:19:29,468 - INFO - Driver downloading response is 200
2026-04-23 16:19:29,530 - INFO - Get LATEST chromedriver version for google-chrome
2026-04-23 16:19:29,664 - INFO - Driver has been saved in cache [/home/runner/.wdm/drivers/chromedriver/linux64/147.0.7727.117]
2026-04-23 16:19:36,619 - INFO - 📦 Pending: 1/1 URLs
2026-04-23 16:19:38,700 - INFO - ✅ Login successful
2026-04-23 16:19:38,700 - INFO - 🔄 [1/1] https://humaneanimalmedicalsurgicalhospital.com/wp...
2026-04-23 16:19:41,776 - INFO - ✅ Done: https://humaneanimalmedicalsurgicalhospital.com/wp-content/uploads/formidable/4/quick-home-deliverys-154343423e.pdf
2026-04-23 16:19:42,837 - INFO - ✨ Cycle complete
